# JRE version: OpenJDK Runtime Environment Microsoft-8902769 (17.0.10+7) (build 17.0.10+7-LTS)
# Java VM: OpenJDK 64-Bit Server VM Microsoft-8902769 (17.0.10+7-LTS, mixed mode, sharing, tiered, compressed oops, compressed class ptrs, g1 gc, windows-amd64)
GC Precious Log:
 CPUs: 12 total, 12 available
 Memory: 5989M
 Large Page Support: Disabled
 NUMA Support: Disabled
 Compressed Oops: Enabled (32-bit)
 Heap Region Size: 1M
 Heap Min Capacity: 8M
 Heap Initial Capacity: 94M
 Heap Max Capacity: 2G
 Pre-touch: Disabled
 Parallel Workers: 10
 Concurrent Workers: 3
 Concurrent Refinement Workers: 10
 Periodic GC: Disabled
Heap:
 garbage-first heap   total 190464K, used 158102K [0x0000000080000000, 0x0000000100000000)
  region size 1024K, 20 young (20480K), 4 survivors (4096K)
 Metaspace       used 95034K, committed 96000K, reserved 557056K
  class space    used 13113K, committed 13568K, reserved 425984K
GC Heap History (20 events):
Event: 60.245 GC heap before
{Heap before GC invocations=29 (full 0):
 garbage-first heap   total 190464K, used 149332K [0x0000000080000000, 0x0000000100000000)
  region size 1024K, 96 young (98304K), 1 survivors (1024K)
 Metaspace       used 66809K, committed 67456K, reserved 491520K
  class space    used 9220K, committed 9536K, reserved 425984K
}
Event: 60.253 GC heap after
{Heap after GC invocations=30 (full 0):
 garbage-first heap   total 190464K, used 61297K [0x0000000080000000, 0x0000000100000000)
  region size 1024K, 9 young (9216K), 9 survivors (9216K)
 Metaspace       used 66809K, committed 67456K, reserved 491520K
  class space    used 9220K, committed 9536K, reserved 425984K
}
Event: 62.187 GC heap before
{Heap before GC invocations=30 (full 0):
 garbage-first heap   total 190464K, used 152433K [0x0000000080000000, 0x0000000100000000)
  region size 1024K, 90 young (92160K), 9 survivors (9216K)
 Metaspace       used 75353K, committed 76096K, reserved 557056K
  class space    used 10281K, committed 10624K, reserved 425984K
}
Event: 62.219 GC heap after
{Heap after GC invocations=31 (full 0):
 garbage-first heap   total 190464K, used 72434K [0x0000000080000000, 0x0000000100000000)
  region size 1024K, 10 young (10240K), 10 survivors (10240K)
 Metaspace       used 75353K, committed 76096K, reserved 557056K
  class space    used 10281K, committed 10624K, reserved 425984K
}
Event: 97.513 GC heap before
{Heap before GC invocations=31 (full 0):
 garbage-first heap   total 190464K, used 148210K [0x0000000080000000, 0x0000000100000000)
  region size 1024K, 83 young (84992K), 10 survivors (10240K)
 Metaspace       used 78343K, committed 79040K, reserved 557056K
  class space    used 10672K, committed 11008K, reserved 425984K
}
Event: 97.669 GC heap after
{Heap after GC invocations=32 (full 0):
 garbage-first heap   total 190464K, used 79343K [0x0000000080000000, 0x0000000100000000)
  region size 1024K, 7 young (7168K), 7 survivors (7168K)
 Metaspace       used 78343K, committed 79040K, reserved 557056K
  class space    used 10672K, committed 11008K, reserved 425984K
}
Event: 102.981 GC heap before
{Heap before GC invocations=32 (full 0):
 garbage-first heap   total 190464K, used 149999K [0x0000000080000000, 0x0000000100000000)
  region size 1024K, 76 young (77824K), 7 survivors (7168K)
 Metaspace       used 84773K, committed 85568K, reserved 557056K
  class space    used 11736K, committed 12096K, reserved 425984K
}
Event: 103.003 GC heap after
{Heap after GC invocations=33 (full 0):
 garbage-first heap   total 190464K, used 85440K [0x0000000080000000, 0x0000000100000000)
  region size 1024K, 6 young (6144K), 6 survivors (6144K)
 Metaspace       used 84773K, committed 85568K, reserved 557056K
  class space    used 11736K, committed 12096K, reserved 425984K
}
Event: 111.573 GC heap before
{Heap before GC invocations=33 (full 0):
 garbage-first heap   total 190464K, used 158144K [0x0000000080000000, 0x0000000100000000)
  region size 1024K, 71 young (72704K), 6 survivors (6144K)
 Metaspace       used 86778K, committed 87616K, reserved 557056K
  class space    used 12034K, committed 12416K, reserved 425984K
}
Event: 111.623 GC heap after
{Heap after GC invocations=34 (full 0):
 garbage-first heap   total 190464K, used 102117K [0x0000000080000000, 0x0000000100000000)
  region size 1024K, 9 young (9216K), 9 survivors (9216K)
 Metaspace       used 86778K, committed 87616K, reserved 557056K
  class space    used 12034K, committed 12416K, reserved 425984K
}
Event: 113.808 GC heap before
{Heap before GC invocations=34 (full 0):
 garbage-first heap   total 190464K, used 157413K [0x0000000080000000, 0x0000000100000000)
  region size 1024K, 58 young (59392K), 9 survivors (9216K)
 Metaspace       used 88680K, committed 89600K, reserved 557056K
  class space    used 12285K, committed 12736K, reserved 425984K
}
Event: 113.836 GC heap after
{Heap after GC invocations=35 (full 0):
 garbage-first heap   total 190464K, used 117272K [0x0000000080000000, 0x0000000100000000)
  region size 1024K, 8 young (8192K), 8 survivors (8192K)
 Metaspace       used 88680K, committed 89600K, reserved 557056K
  class space    used 12285K, committed 12736K, reserved 425984K
}
Event: 117.368 GC heap before
{Heap before GC invocations=35 (full 0):
 garbage-first heap   total 190464K, used 153112K [0x0000000080000000, 0x0000000100000000)
  region size 1024K, 43 young (44032K), 8 survivors (8192K)
 Metaspace       used 89701K, committed 90624K, reserved 557056K
  class space    used 12398K, committed 12800K, reserved 425984K
}
Event: 117.388 GC heap after
{Heap after GC invocations=36 (full 0):
 garbage-first heap   total 190464K, used 123482K [0x0000000080000000, 0x0000000100000000)
  region size 1024K, 5 young (5120K), 5 survivors (5120K)
 Metaspace       used 89701K, committed 90624K, reserved 557056K
  class space    used 12398K, committed 12800K, reserved 425984K
}
Event: 120.357 GC heap before
{Heap before GC invocations=36 (full 0):
 garbage-first heap   total 190464K, used 159322K [0x0000000080000000, 0x0000000100000000)
  region size 1024K, 36 young (36864K), 5 survivors (5120K)
 Metaspace       used 91145K, committed 92160K, reserved 557056K
  class space    used 12592K, committed 13056K, reserved 425984K
}
Event: 120.377 GC heap after
{Heap after GC invocations=37 (full 0):
 garbage-first heap   total 190464K, used 133902K [0x0000000080000000, 0x0000000100000000)
  region size 1024K, 5 young (5120K), 5 survivors (5120K)
 Metaspace       used 91145K, committed 92160K, reserved 557056K
  class space    used 12592K, committed 13056K, reserved 425984K
}
Event: 121.828 GC heap before
{Heap before GC invocations=37 (full 0):
 garbage-first heap   total 190464K, used 156430K [0x0000000080000000, 0x0000000100000000)
  region size 1024K, 28 young (28672K), 5 survivors (5120K)
 Metaspace       used 92094K, committed 93120K, reserved 557056K
  class space    used 12714K, committed 13184K, reserved 425984K
}
Event: 121.846 GC heap after
{Heap after GC invocations=38 (full 0):
 garbage-first heap   total 190464K, used 138057K [0x0000000080000000, 0x0000000100000000)
  region size 1024K, 4 young (4096K), 4 survivors (4096K)
 Metaspace       used 92094K, committed 93120K, reserved 557056K
  class space    used 12714K, committed 13184K, reserved 425984K
}
Event: 124.836 GC heap before
{Heap before GC invocations=38 (full 0):
 garbage-first heap   total 190464K, used 160585K [0x0000000080000000, 0x0000000100000000)
  region size 1024K, 25 young (25600K), 4 survivors (4096K)
 Metaspace       used 92915K, committed 93888K, reserved 557056K
  class space    used 12860K, committed 13312K, reserved 425984K
}
Event: 124.862 GC heap after
{Heap after GC invocations=39 (full 0):
 garbage-first heap   total 190464K, used 142742K [0x0000000080000000, 0x0000000100000000)
  region size 1024K, 4 young (4096K), 4 survivors (4096K)
 Metaspace       used 92915K, committed 93888K, reserved 557056K
  class space    used 12860K, committed 13312K, reserved 425984K
}

