# JRE version: OpenJDK Runtime Environment Microsoft-8902769 (17.0.10+7) (build 17.0.10+7-LTS)
# Java VM: OpenJDK 64-Bit Server VM Microsoft-8902769 (17.0.10+7-LTS, mixed mode, sharing, tiered, compressed oops, compressed class ptrs, g1 gc, windows-amd64)
GC Precious Log:
 CPUs: 12 total, 12 available
 Memory: 5989M
 Large Page Support: Disabled
 NUMA Support: Disabled
 Compressed Oops: Enabled (32-bit)
 Heap Region Size: 1M
 Heap Min Capacity: 8M
 Heap Initial Capacity: 94M
 Heap Max Capacity: 2G
 Pre-touch: Disabled
 Parallel Workers: 10
 Concurrent Workers: 3
 Concurrent Refinement Workers: 10
 Periodic GC: Disabled
Heap:
 garbage-first heap   total 96256K, used 23236K [0x0000000080000000, 0x0000000100000000)
  region size 1024K, 13 young (13312K), 5 survivors (5120K)
 Metaspace       used 9739K, committed 9920K, reserved 491520K
  class space    used 1350K, committed 1472K, reserved 425984K
GC Heap History (8 events):
Event: 4.226 GC heap before
{Heap before GC invocations=0 (full 0):
 garbage-first heap   total 96256K, used 28672K [0x0000000080000000, 0x0000000100000000)
  region size 1024K, 23 young (23552K), 0 survivors (0K)
 Metaspace       used 2996K, committed 3136K, reserved 491520K
  class space    used 379K, committed 448K, reserved 425984K
}
Event: 4.848 GC heap after
{Heap after GC invocations=1 (full 0):
 garbage-first heap   total 96256K, used 9090K [0x0000000080000000, 0x0000000100000000)
  region size 1024K, 3 young (3072K), 3 survivors (3072K)
 Metaspace       used 2996K, committed 3136K, reserved 491520K
  class space    used 379K, committed 448K, reserved 425984K
}
Event: 5.354 GC heap before
{Heap before GC invocations=1 (full 0):
 garbage-first heap   total 96256K, used 12162K [0x0000000080000000, 0x0000000100000000)
  region size 1024K, 6 young (6144K), 3 survivors (3072K)
 Metaspace       used 3456K, committed 3648K, reserved 491520K
  class space    used 433K, committed 512K, reserved 425984K
}
Event: 5.365 GC heap after
{Heap after GC invocations=2 (full 0):
 garbage-first heap   total 96256K, used 9339K [0x0000000080000000, 0x0000000100000000)
  region size 1024K, 1 young (1024K), 1 survivors (1024K)
 Metaspace       used 3456K, committed 3648K, reserved 491520K
  class space    used 433K, committed 512K, reserved 425984K
}
Event: 6.146 GC heap before
{Heap before GC invocations=2 (full 0):
 garbage-first heap   total 96256K, used 20603K [0x0000000080000000, 0x0000000100000000)
  region size 1024K, 12 young (12288K), 1 survivors (1024K)
 Metaspace       used 3844K, committed 4032K, reserved 491520K
  class space    used 473K, committed 576K, reserved 425984K
}
Event: 6.150 GC heap after
{Heap after GC invocations=3 (full 0):
 garbage-first heap   total 96256K, used 9463K [0x0000000080000000, 0x0000000100000000)
  region size 1024K, 1 young (1024K), 1 survivors (1024K)
 Metaspace       used 3844K, committed 4032K, reserved 491520K
  class space    used 473K, committed 576K, reserved 425984K
}
Event: 12.207 GC heap before
{Heap before GC invocations=3 (full 0):
 garbage-first heap   total 96256K, used 45303K [0x0000000080000000, 0x0000000100000000)
  region size 1024K, 35 young (35840K), 1 survivors (1024K)
 Metaspace       used 8475K, committed 8704K, reserved 491520K
  class space    used 1138K, committed 1280K, reserved 425984K
}
Event: 12.312 GC heap after
{Heap after GC invocations=4 (full 0):
 garbage-first heap   total 96256K, used 16068K [0x0000000080000000, 0x0000000100000000)
  region size 1024K, 5 young (5120K), 5 survivors (5120K)
 Metaspace       used 8475K, committed 8704K, reserved 491520K
  class space    used 1138K, committed 1280K, reserved 425984K
}

